2020-02-11 12:29:43,995: Host Alice started processing
2020-02-11 12:29:44,163: Host Bob started processing
2020-02-11 12:29:44,233: Host Eve started processing
2020-02-11 12:29:44,335: Alice sends QUBIT to Eve
2020-02-11 12:29:44,367: Alice awaits SEND QUBIT ACK from Eve with sequence 0
2020-02-11 12:29:44,506: sending qubits from Alice to Bob
2020-02-11 12:29:44,512: transfer qubits - sending qubit a1853d6d-e487-490a-b11e-e42db70f6b3e
2020-02-11 12:29:44,543: transfer qubits - received a1853d6d-e487-490a-b11e-e42db70f6b3e
2020-02-11 12:29:44,548: sending qubits from Bob to Eve
2020-02-11 12:29:44,554: transfer qubits - sending qubit a1853d6d-e487-490a-b11e-e42db70f6b3e
2020-02-11 12:29:44,592: transfer qubits - received a1853d6d-e487-490a-b11e-e42db70f6b3e
2020-02-11 12:29:44,835: Eve received qubit a1853d6d-e487-490a-b11e-e42db70f6b3e from Alice
2020-02-11 12:29:44,939: sending ACK:1 from Eve to Alice
2020-02-11 12:29:45,334: Alice received ACK from Eve with sequence number 0
2020-02-11 12:29:45,458: Alice sends QUBIT to Eve
2020-02-11 12:29:45,468: Alice awaits SEND QUBIT ACK from Eve with sequence 1
2020-02-11 12:29:45,556: sending qubits from Alice to Bob
2020-02-11 12:29:45,562: transfer qubits - sending qubit 0784bcf1-723e-4aa7-8aa8-f735bcc82703
2020-02-11 12:29:45,633: transfer qubits - received 0784bcf1-723e-4aa7-8aa8-f735bcc82703
2020-02-11 12:29:45,638: sending qubits from Bob to Eve
2020-02-11 12:29:45,644: transfer qubits - sending qubit 0784bcf1-723e-4aa7-8aa8-f735bcc82703
2020-02-11 12:29:45,712: transfer qubits - received 0784bcf1-723e-4aa7-8aa8-f735bcc82703
2020-02-11 12:29:45,877: Eve received qubit 0784bcf1-723e-4aa7-8aa8-f735bcc82703 from Alice
2020-02-11 12:29:45,888: sending ACK:2 from Eve to Alice
2020-02-11 12:29:46,200: Alice received ACK from Eve with sequence number 1
2020-02-11 12:29:46,402: Alice sends QUBIT to Eve
2020-02-11 12:29:46,408: Alice awaits SEND QUBIT ACK from Eve with sequence 2
2020-02-11 12:29:46,463: sending qubits from Alice to Bob
2020-02-11 12:29:46,469: transfer qubits - sending qubit dda322d9-761f-401e-83dd-c526e02e7c2c
2020-02-11 12:29:46,533: transfer qubits - received dda322d9-761f-401e-83dd-c526e02e7c2c
2020-02-11 12:29:46,538: sending qubits from Bob to Eve
2020-02-11 12:29:46,539: transfer qubits - sending qubit dda322d9-761f-401e-83dd-c526e02e7c2c
2020-02-11 12:29:46,604: transfer qubits - received dda322d9-761f-401e-83dd-c526e02e7c2c
2020-02-11 12:29:46,790: Eve received qubit dda322d9-761f-401e-83dd-c526e02e7c2c from Alice
2020-02-11 12:29:46,790: sending ACK:3 from Eve to Alice
2020-02-11 12:29:47,215: Alice received ACK from Eve with sequence number 2
2020-02-11 12:29:47,416: Alice sends QUBIT to Eve
2020-02-11 12:29:47,421: Alice awaits SEND QUBIT ACK from Eve with sequence 3
2020-02-11 12:29:47,464: sending qubits from Alice to Bob
2020-02-11 12:29:47,469: transfer qubits - sending qubit 8fdd3d43-cbb5-475c-baf4-b8b3c6454af4
2020-02-11 12:29:47,532: transfer qubits - received 8fdd3d43-cbb5-475c-baf4-b8b3c6454af4
2020-02-11 12:29:47,533: sending qubits from Bob to Eve
2020-02-11 12:29:47,538: transfer qubits - sending qubit 8fdd3d43-cbb5-475c-baf4-b8b3c6454af4
2020-02-11 12:29:47,605: transfer qubits - received 8fdd3d43-cbb5-475c-baf4-b8b3c6454af4
2020-02-11 12:29:47,790: Eve received qubit 8fdd3d43-cbb5-475c-baf4-b8b3c6454af4 from Alice
2020-02-11 12:29:47,806: sending ACK:4 from Eve to Alice
2020-02-11 12:29:48,137: Alice received ACK from Eve with sequence number 3
2020-02-11 12:29:48,316: Alice sends QUBIT to Eve
2020-02-11 12:29:48,338: Alice awaits SEND QUBIT ACK from Eve with sequence 4
2020-02-11 12:29:48,411: sending qubits from Alice to Bob
2020-02-11 12:29:48,417: transfer qubits - sending qubit e3db2a42-28b2-466c-96b7-183471701b33
2020-02-11 12:29:48,480: transfer qubits - received e3db2a42-28b2-466c-96b7-183471701b33
2020-02-11 12:29:48,480: sending qubits from Bob to Eve
2020-02-11 12:29:48,480: transfer qubits - sending qubit e3db2a42-28b2-466c-96b7-183471701b33
2020-02-11 12:29:48,548: transfer qubits - received e3db2a42-28b2-466c-96b7-183471701b33
2020-02-11 12:29:48,687: Eve received qubit e3db2a42-28b2-466c-96b7-183471701b33 from Alice
2020-02-11 12:29:48,693: sending ACK:5 from Eve to Alice
2020-02-11 12:29:49,054: Alice received ACK from Eve with sequence number 4
2020-02-11 12:29:49,216: Alice sends QUBIT to Eve
2020-02-11 12:29:49,222: Alice awaits SEND QUBIT ACK from Eve with sequence 5
2020-02-11 12:29:49,333: sending qubits from Alice to Bob
2020-02-11 12:29:49,344: transfer qubits - sending qubit d28fadc7-46e0-4349-96de-fbaec7980f5c
2020-02-11 12:29:49,408: transfer qubits - received d28fadc7-46e0-4349-96de-fbaec7980f5c
2020-02-11 12:29:49,414: sending qubits from Bob to Eve
2020-02-11 12:29:49,414: transfer qubits - sending qubit d28fadc7-46e0-4349-96de-fbaec7980f5c
2020-02-11 12:29:49,480: transfer qubits - received d28fadc7-46e0-4349-96de-fbaec7980f5c
2020-02-11 12:29:49,596: Eve received qubit d28fadc7-46e0-4349-96de-fbaec7980f5c from Alice
2020-02-11 12:29:49,607: sending ACK:6 from Eve to Alice
2020-02-11 12:29:49,882: Alice received ACK from Eve with sequence number 5
2020-02-11 12:29:49,983: Alice sends QUBIT to Eve
2020-02-11 12:29:49,984: Alice awaits SEND QUBIT ACK from Eve with sequence 6
2020-02-11 12:29:50,031: sending qubits from Alice to Bob
2020-02-11 12:29:50,031: transfer qubits - sending qubit 7300b18a-2b47-4052-9bcf-ac421ef8bd68
2020-02-11 12:29:50,092: transfer qubits - received 7300b18a-2b47-4052-9bcf-ac421ef8bd68
2020-02-11 12:29:50,098: sending qubits from Bob to Eve
2020-02-11 12:29:50,103: transfer qubits - sending qubit 7300b18a-2b47-4052-9bcf-ac421ef8bd68
2020-02-11 12:29:50,173: transfer qubits - received 7300b18a-2b47-4052-9bcf-ac421ef8bd68
2020-02-11 12:29:50,397: Eve received qubit 7300b18a-2b47-4052-9bcf-ac421ef8bd68 from Alice
2020-02-11 12:29:50,398: sending ACK:7 from Eve to Alice
2020-02-11 12:29:50,694: Alice received ACK from Eve with sequence number 6
2020-02-11 12:29:50,819: Alice sends QUBIT to Eve
2020-02-11 12:29:50,820: Alice awaits SEND QUBIT ACK from Eve with sequence 7
2020-02-11 12:29:50,918: sending qubits from Alice to Bob
2020-02-11 12:29:50,919: transfer qubits - sending qubit 7d2183ec-f4e7-4f72-95cd-5e861be78566
2020-02-11 12:29:50,981: transfer qubits - received 7d2183ec-f4e7-4f72-95cd-5e861be78566
2020-02-11 12:29:50,986: sending qubits from Bob to Eve
2020-02-11 12:29:50,992: transfer qubits - sending qubit 7d2183ec-f4e7-4f72-95cd-5e861be78566
2020-02-11 12:29:51,068: transfer qubits - received 7d2183ec-f4e7-4f72-95cd-5e861be78566
2020-02-11 12:29:51,204: Eve received qubit 7d2183ec-f4e7-4f72-95cd-5e861be78566 from Alice
2020-02-11 12:29:51,220: sending ACK:8 from Eve to Alice
2020-02-11 12:29:51,448: Alice received ACK from Eve with sequence number 7
2020-02-11 12:29:51,652: Alice sends QUBIT to Eve
2020-02-11 12:29:51,663: Alice awaits SEND QUBIT ACK from Eve with sequence 8
2020-02-11 12:29:51,731: sending qubits from Alice to Bob
2020-02-11 12:29:51,736: transfer qubits - sending qubit 33126192-b842-4a69-8013-a2bc32e78518
2020-02-11 12:29:51,805: transfer qubits - received 33126192-b842-4a69-8013-a2bc32e78518
2020-02-11 12:29:51,811: sending qubits from Bob to Eve
2020-02-11 12:29:51,816: transfer qubits - sending qubit 33126192-b842-4a69-8013-a2bc32e78518
2020-02-11 12:29:51,885: transfer qubits - received 33126192-b842-4a69-8013-a2bc32e78518
2020-02-11 12:29:52,053: Eve received qubit 33126192-b842-4a69-8013-a2bc32e78518 from Alice
2020-02-11 12:29:52,074: sending ACK:9 from Eve to Alice
2020-02-11 12:29:52,284: Alice received ACK from Eve with sequence number 8
2020-02-11 12:29:52,450: Alice sends QUBIT to Eve
2020-02-11 12:29:52,466: Alice awaits SEND QUBIT ACK from Eve with sequence 9
2020-02-11 12:29:52,514: sending qubits from Alice to Bob
2020-02-11 12:29:52,519: transfer qubits - sending qubit f9292ef1-ef8b-4f73-8d5d-ae71c37cca1c
2020-02-11 12:29:52,592: transfer qubits - received f9292ef1-ef8b-4f73-8d5d-ae71c37cca1c
2020-02-11 12:29:52,592: sending qubits from Bob to Eve
2020-02-11 12:29:52,593: transfer qubits - sending qubit f9292ef1-ef8b-4f73-8d5d-ae71c37cca1c
2020-02-11 12:29:52,664: transfer qubits - received f9292ef1-ef8b-4f73-8d5d-ae71c37cca1c
2020-02-11 12:29:52,836: Eve received qubit f9292ef1-ef8b-4f73-8d5d-ae71c37cca1c from Alice
2020-02-11 12:29:52,841: sending ACK:10 from Eve to Alice
2020-02-11 12:29:53,050: Alice received ACK from Eve with sequence number 9
2020-02-11 12:29:53,173: Alice sends QUBIT to Eve
2020-02-11 12:29:53,189: Alice awaits SEND QUBIT ACK from Eve with sequence 10
2020-02-11 12:29:53,300: sending qubits from Alice to Bob
2020-02-11 12:29:53,305: transfer qubits - sending qubit 08bfd5d8-8a53-49d3-b71e-eb593230ebfc
2020-02-11 12:29:53,373: transfer qubits - received 08bfd5d8-8a53-49d3-b71e-eb593230ebfc
2020-02-11 12:29:53,373: sending qubits from Bob to Eve
2020-02-11 12:29:53,373: transfer qubits - sending qubit 08bfd5d8-8a53-49d3-b71e-eb593230ebfc
2020-02-11 12:29:53,441: transfer qubits - received 08bfd5d8-8a53-49d3-b71e-eb593230ebfc
2020-02-11 12:29:53,656: Eve received qubit 08bfd5d8-8a53-49d3-b71e-eb593230ebfc from Alice
2020-02-11 12:29:53,669: sending ACK:11 from Eve to Alice
2020-02-11 12:29:53,957: Alice received ACK from Eve with sequence number 10
2020-02-11 12:29:54,140: Alice sends QUBIT to Eve
2020-02-11 12:29:54,145: Alice awaits SEND QUBIT ACK from Eve with sequence 11
2020-02-11 12:29:54,195: sending qubits from Alice to Bob
2020-02-11 12:29:54,204: transfer qubits - sending qubit a2bac0e1-2891-4f96-a586-626fbd51d4c1
2020-02-11 12:29:54,277: transfer qubits - received a2bac0e1-2891-4f96-a586-626fbd51d4c1
2020-02-11 12:29:54,283: sending qubits from Bob to Eve
2020-02-11 12:29:54,283: transfer qubits - sending qubit a2bac0e1-2891-4f96-a586-626fbd51d4c1
2020-02-11 12:29:54,367: transfer qubits - received a2bac0e1-2891-4f96-a586-626fbd51d4c1
2020-02-11 12:29:54,554: Eve received qubit a2bac0e1-2891-4f96-a586-626fbd51d4c1 from Alice
2020-02-11 12:29:54,559: sending ACK:12 from Eve to Alice
2020-02-11 12:29:54,836: Alice received ACK from Eve with sequence number 11
2020-02-11 12:29:55,007: Alice sends QUBIT to Eve
2020-02-11 12:29:55,008: Alice awaits SEND QUBIT ACK from Eve with sequence 12
2020-02-11 12:29:55,064: sending qubits from Alice to Bob
2020-02-11 12:29:55,069: transfer qubits - sending qubit a2c5afa9-042e-4bf9-b93b-0f749c341621
2020-02-11 12:29:55,140: transfer qubits - received a2c5afa9-042e-4bf9-b93b-0f749c341621
2020-02-11 12:29:55,146: sending qubits from Bob to Eve
2020-02-11 12:29:55,151: transfer qubits - sending qubit a2c5afa9-042e-4bf9-b93b-0f749c341621
2020-02-11 12:29:55,221: transfer qubits - received a2c5afa9-042e-4bf9-b93b-0f749c341621
2020-02-11 12:29:55,345: Eve received qubit a2c5afa9-042e-4bf9-b93b-0f749c341621 from Alice
2020-02-11 12:29:55,356: sending ACK:13 from Eve to Alice
2020-02-11 12:29:55,604: Alice received ACK from Eve with sequence number 12
2020-02-11 12:29:55,768: Alice sends QUBIT to Eve
2020-02-11 12:29:55,774: Alice awaits SEND QUBIT ACK from Eve with sequence 13
2020-02-11 12:29:55,834: sending qubits from Alice to Bob
2020-02-11 12:29:55,839: transfer qubits - sending qubit 3a67b1fa-7bea-42e3-a130-24a392bde288
2020-02-11 12:29:55,912: transfer qubits - received 3a67b1fa-7bea-42e3-a130-24a392bde288
2020-02-11 12:29:55,918: sending qubits from Bob to Eve
2020-02-11 12:29:55,923: transfer qubits - sending qubit 3a67b1fa-7bea-42e3-a130-24a392bde288
2020-02-11 12:29:56,006: transfer qubits - received 3a67b1fa-7bea-42e3-a130-24a392bde288
2020-02-11 12:29:56,140: Eve received qubit 3a67b1fa-7bea-42e3-a130-24a392bde288 from Alice
2020-02-11 12:29:56,140: sending ACK:14 from Eve to Alice
2020-02-11 12:29:56,482: Alice received ACK from Eve with sequence number 13
2020-02-11 12:29:56,553: Alice sends QUBIT to Eve
2020-02-11 12:29:56,553: Alice awaits SEND QUBIT ACK from Eve with sequence 14
2020-02-11 12:29:56,601: sending qubits from Alice to Bob
2020-02-11 12:29:56,601: transfer qubits - sending qubit df5d7eaa-1af3-4789-bba6-af139545f4db
2020-02-11 12:29:56,665: transfer qubits - received df5d7eaa-1af3-4789-bba6-af139545f4db
2020-02-11 12:29:56,665: sending qubits from Bob to Eve
2020-02-11 12:29:56,666: transfer qubits - sending qubit df5d7eaa-1af3-4789-bba6-af139545f4db
2020-02-11 12:29:56,753: transfer qubits - received df5d7eaa-1af3-4789-bba6-af139545f4db
2020-02-11 12:29:56,949: Eve received qubit df5d7eaa-1af3-4789-bba6-af139545f4db from Alice
2020-02-11 12:29:56,955: sending ACK:15 from Eve to Alice
2020-02-11 12:29:57,202: Alice received ACK from Eve with sequence number 14
2020-02-11 12:29:57,335: Alice sends QUBIT to Eve
2020-02-11 12:29:57,335: Alice awaits SEND QUBIT ACK from Eve with sequence 15
2020-02-11 12:29:57,451: sending qubits from Alice to Bob
2020-02-11 12:29:57,457: transfer qubits - sending qubit 8f8eb90f-cca4-4c3b-b005-5d2753516a1b
2020-02-11 12:29:57,533: transfer qubits - received 8f8eb90f-cca4-4c3b-b005-5d2753516a1b
2020-02-11 12:29:57,538: sending qubits from Bob to Eve
2020-02-11 12:29:57,543: transfer qubits - sending qubit 8f8eb90f-cca4-4c3b-b005-5d2753516a1b
2020-02-11 12:29:57,616: transfer qubits - received 8f8eb90f-cca4-4c3b-b005-5d2753516a1b
2020-02-11 12:29:57,758: Eve received qubit 8f8eb90f-cca4-4c3b-b005-5d2753516a1b from Alice
2020-02-11 12:29:57,758: sending ACK:16 from Eve to Alice
2020-02-11 12:29:58,094: Alice received ACK from Eve with sequence number 15
2020-02-11 12:29:58,277: Alice sends QUBIT to Eve
2020-02-11 12:29:58,277: Alice awaits SEND QUBIT ACK from Eve with sequence 16
2020-02-11 12:29:58,391: sending qubits from Alice to Bob
2020-02-11 12:29:58,396: transfer qubits - sending qubit 0ca93bb5-24c7-4e60-8a2f-131cd7d5694b
2020-02-11 12:29:58,469: transfer qubits - received 0ca93bb5-24c7-4e60-8a2f-131cd7d5694b
2020-02-11 12:29:58,474: sending qubits from Bob to Eve
2020-02-11 12:29:58,480: transfer qubits - sending qubit 0ca93bb5-24c7-4e60-8a2f-131cd7d5694b
2020-02-11 12:29:58,553: transfer qubits - received 0ca93bb5-24c7-4e60-8a2f-131cd7d5694b
2020-02-11 12:29:58,648: Eve received qubit 0ca93bb5-24c7-4e60-8a2f-131cd7d5694b from Alice
2020-02-11 12:29:58,659: sending ACK:17 from Eve to Alice
2020-02-11 12:29:58,939: Alice received ACK from Eve with sequence number 16
2020-02-11 12:29:59,066: Alice sends QUBIT to Eve
2020-02-11 12:29:59,066: Alice awaits SEND QUBIT ACK from Eve with sequence 17
2020-02-11 12:29:59,098: sending qubits from Alice to Bob
2020-02-11 12:29:59,104: transfer qubits - sending qubit ca58bf5a-945b-453f-85ba-429d7dc4b0d6
2020-02-11 12:29:59,173: transfer qubits - received ca58bf5a-945b-453f-85ba-429d7dc4b0d6
2020-02-11 12:29:59,173: sending qubits from Bob to Eve
2020-02-11 12:29:59,179: transfer qubits - sending qubit ca58bf5a-945b-453f-85ba-429d7dc4b0d6
2020-02-11 12:29:59,257: transfer qubits - received ca58bf5a-945b-453f-85ba-429d7dc4b0d6
2020-02-11 12:29:59,449: Eve received qubit ca58bf5a-945b-453f-85ba-429d7dc4b0d6 from Alice
2020-02-11 12:29:59,478: sending ACK:18 from Eve to Alice
2020-02-11 12:29:59,748: Alice received ACK from Eve with sequence number 17
2020-02-11 12:29:59,903: Alice sends QUBIT to Eve
2020-02-11 12:29:59,903: Alice awaits SEND QUBIT ACK from Eve with sequence 18
2020-02-11 12:29:59,998: sending qubits from Alice to Bob
2020-02-11 12:29:59,998: transfer qubits - sending qubit a9f935b9-831a-4b9f-b872-a87a1087bbca
2020-02-11 12:30:00,065: transfer qubits - received a9f935b9-831a-4b9f-b872-a87a1087bbca
2020-02-11 12:30:00,065: sending qubits from Bob to Eve
2020-02-11 12:30:00,065: transfer qubits - sending qubit a9f935b9-831a-4b9f-b872-a87a1087bbca
2020-02-11 12:30:00,133: transfer qubits - received a9f935b9-831a-4b9f-b872-a87a1087bbca
2020-02-11 12:30:00,375: Eve received qubit a9f935b9-831a-4b9f-b872-a87a1087bbca from Alice
2020-02-11 12:30:00,375: sending ACK:19 from Eve to Alice
2020-02-11 12:30:00,623: Alice received ACK from Eve with sequence number 18
2020-02-11 12:30:00,755: Alice sends QUBIT to Eve
2020-02-11 12:30:00,755: Alice awaits SEND QUBIT ACK from Eve with sequence 19
2020-02-11 12:30:00,889: sending qubits from Alice to Bob
2020-02-11 12:30:00,889: transfer qubits - sending qubit 949aa2e3-a252-4209-8ad2-01445e93205e
2020-02-11 12:30:00,953: transfer qubits - received 949aa2e3-a252-4209-8ad2-01445e93205e
2020-02-11 12:30:00,954: sending qubits from Bob to Eve
2020-02-11 12:30:00,954: transfer qubits - sending qubit 949aa2e3-a252-4209-8ad2-01445e93205e
2020-02-11 12:30:01,030: transfer qubits - received 949aa2e3-a252-4209-8ad2-01445e93205e
2020-02-11 12:30:01,055: Eve sends CLASSICAL to Alice with sequence 0
2020-02-11 12:30:01,061: Eve sends QUBIT to Alice
2020-02-11 12:30:01,061: Eve awaits SEND QUBIT ACK from Alice with sequence 1
2020-02-11 12:30:01,237: sending qubits from Eve to Bob
2020-02-11 12:30:01,237: transfer qubits - sending qubit 08bfd5d8-8a53-49d3-b71e-eb593230ebfc
2020-02-11 12:30:01,295: Alice received 1 with sequence number 0
2020-02-11 12:30:01,304: transfer qubits - received 08bfd5d8-8a53-49d3-b71e-eb593230ebfc
2020-02-11 12:30:01,305: sending qubits from Bob to Alice
2020-02-11 12:30:01,305: transfer qubits - sending qubit 08bfd5d8-8a53-49d3-b71e-eb593230ebfc
2020-02-11 12:30:01,335: Eve received qubit 949aa2e3-a252-4209-8ad2-01445e93205e from Alice
2020-02-11 12:30:01,336: sending ACK:20 from Eve to Alice
2020-02-11 12:30:01,364: transfer qubits - received 08bfd5d8-8a53-49d3-b71e-eb593230ebfc
2020-02-11 12:30:01,506: Alice received qubit 08bfd5d8-8a53-49d3-b71e-eb593230ebfc from Eve
2020-02-11 12:30:01,507: sending ACK:2 from Alice to Eve
2020-02-11 12:30:01,728: Alice received ACK from Eve with sequence number 19
2020-02-11 12:30:01,770: Eve received ACK from Alice with sequence number 1
2020-02-11 12:30:01,776: Eve sends QUBIT to Alice
2020-02-11 12:30:01,782: Eve awaits SEND QUBIT ACK from Alice with sequence 2
2020-02-11 12:30:01,910: sending qubits from Eve to Bob
2020-02-11 12:30:01,916: transfer qubits - sending qubit a2bac0e1-2891-4f96-a586-626fbd51d4c1
2020-02-11 12:30:01,997: transfer qubits - received a2bac0e1-2891-4f96-a586-626fbd51d4c1
2020-02-11 12:30:01,998: sending qubits from Bob to Alice
2020-02-11 12:30:02,003: transfer qubits - sending qubit a2bac0e1-2891-4f96-a586-626fbd51d4c1
2020-02-11 12:30:02,081: transfer qubits - received a2bac0e1-2891-4f96-a586-626fbd51d4c1
2020-02-11 12:30:02,152: Alice received qubit a2bac0e1-2891-4f96-a586-626fbd51d4c1 from Eve
2020-02-11 12:30:02,157: sending ACK:3 from Alice to Eve
2020-02-11 12:30:02,434: Eve received ACK from Alice with sequence number 2
2020-02-11 12:30:02,440: Eve sends QUBIT to Alice
2020-02-11 12:30:02,440: Eve awaits SEND QUBIT ACK from Alice with sequence 3
2020-02-11 12:30:02,545: sending qubits from Eve to Bob
2020-02-11 12:30:02,557: transfer qubits - sending qubit a2c5afa9-042e-4bf9-b93b-0f749c341621
2020-02-11 12:30:02,628: transfer qubits - received a2c5afa9-042e-4bf9-b93b-0f749c341621
2020-02-11 12:30:02,635: sending qubits from Bob to Alice
2020-02-11 12:30:02,640: transfer qubits - sending qubit a2c5afa9-042e-4bf9-b93b-0f749c341621
2020-02-11 12:30:02,713: transfer qubits - received a2c5afa9-042e-4bf9-b93b-0f749c341621
2020-02-11 12:30:02,793: Alice received qubit a2c5afa9-042e-4bf9-b93b-0f749c341621 from Eve
2020-02-11 12:30:02,809: sending ACK:4 from Alice to Eve
2020-02-11 12:30:03,082: Eve received ACK from Alice with sequence number 3
2020-02-11 12:30:03,096: Eve sends QUBIT to Alice
2020-02-11 12:30:03,101: Eve awaits SEND QUBIT ACK from Alice with sequence 4
2020-02-11 12:30:03,229: sending qubits from Eve to Bob
2020-02-11 12:30:03,229: transfer qubits - sending qubit 3a67b1fa-7bea-42e3-a130-24a392bde288
2020-02-11 12:30:03,301: transfer qubits - received 3a67b1fa-7bea-42e3-a130-24a392bde288
2020-02-11 12:30:03,306: sending qubits from Bob to Alice
2020-02-11 12:30:03,312: transfer qubits - sending qubit 3a67b1fa-7bea-42e3-a130-24a392bde288
2020-02-11 12:30:03,384: transfer qubits - received 3a67b1fa-7bea-42e3-a130-24a392bde288
2020-02-11 12:30:03,664: Alice received qubit 3a67b1fa-7bea-42e3-a130-24a392bde288 from Eve
2020-02-11 12:30:03,664: sending ACK:5 from Alice to Eve
2020-02-11 12:30:04,003: Eve received ACK from Alice with sequence number 4
2020-02-11 12:30:04,009: Eve sends QUBIT to Alice
2020-02-11 12:30:04,009: Eve awaits SEND QUBIT ACK from Alice with sequence 5
2020-02-11 12:30:04,125: sending qubits from Eve to Bob
2020-02-11 12:30:04,131: transfer qubits - sending qubit df5d7eaa-1af3-4789-bba6-af139545f4db
2020-02-11 12:30:04,201: transfer qubits - received df5d7eaa-1af3-4789-bba6-af139545f4db
2020-02-11 12:30:04,206: sending qubits from Bob to Alice
2020-02-11 12:30:04,242: transfer qubits - sending qubit df5d7eaa-1af3-4789-bba6-af139545f4db
2020-02-11 12:30:04,312: transfer qubits - received df5d7eaa-1af3-4789-bba6-af139545f4db
2020-02-11 12:30:04,428: Alice received qubit df5d7eaa-1af3-4789-bba6-af139545f4db from Eve
2020-02-11 12:30:04,434: sending ACK:6 from Alice to Eve
2020-02-11 12:30:04,977: Eve received ACK from Alice with sequence number 5
2020-02-11 12:30:04,978: Eve sends QUBIT to Alice
2020-02-11 12:30:04,983: Eve awaits SEND QUBIT ACK from Alice with sequence 6
2020-02-11 12:30:05,143: sending qubits from Eve to Bob
2020-02-11 12:30:05,143: transfer qubits - sending qubit 8f8eb90f-cca4-4c3b-b005-5d2753516a1b
2020-02-11 12:30:05,213: transfer qubits - received 8f8eb90f-cca4-4c3b-b005-5d2753516a1b
2020-02-11 12:30:05,218: sending qubits from Bob to Alice
2020-02-11 12:30:05,223: transfer qubits - sending qubit 8f8eb90f-cca4-4c3b-b005-5d2753516a1b
2020-02-11 12:30:05,292: transfer qubits - received 8f8eb90f-cca4-4c3b-b005-5d2753516a1b
2020-02-11 12:30:05,452: Alice received qubit 8f8eb90f-cca4-4c3b-b005-5d2753516a1b from Eve
2020-02-11 12:30:05,534: sending ACK:7 from Alice to Eve
2020-02-11 12:30:05,683: Eve received ACK from Alice with sequence number 6
2020-02-11 12:30:05,730: Eve sends QUBIT to Alice
2020-02-11 12:30:05,741: Eve awaits SEND QUBIT ACK from Alice with sequence 7
2020-02-11 12:30:05,844: sending qubits from Eve to Bob
2020-02-11 12:30:05,850: transfer qubits - sending qubit 0ca93bb5-24c7-4e60-8a2f-131cd7d5694b
2020-02-11 12:30:05,921: transfer qubits - received 0ca93bb5-24c7-4e60-8a2f-131cd7d5694b
2020-02-11 12:30:05,926: sending qubits from Bob to Alice
2020-02-11 12:30:05,931: transfer qubits - sending qubit 0ca93bb5-24c7-4e60-8a2f-131cd7d5694b
2020-02-11 12:30:05,996: transfer qubits - received 0ca93bb5-24c7-4e60-8a2f-131cd7d5694b
2020-02-11 12:30:06,120: Alice received qubit 0ca93bb5-24c7-4e60-8a2f-131cd7d5694b from Eve
2020-02-11 12:30:06,120: sending ACK:8 from Alice to Eve
2020-02-11 12:30:06,366: Eve received ACK from Alice with sequence number 7
2020-02-11 12:30:06,387: Eve sends QUBIT to Alice
2020-02-11 12:30:06,392: Eve awaits SEND QUBIT ACK from Alice with sequence 8
2020-02-11 12:30:06,512: sending qubits from Eve to Bob
2020-02-11 12:30:06,517: transfer qubits - sending qubit ca58bf5a-945b-453f-85ba-429d7dc4b0d6
2020-02-11 12:30:06,588: transfer qubits - received ca58bf5a-945b-453f-85ba-429d7dc4b0d6
2020-02-11 12:30:06,594: sending qubits from Bob to Alice
2020-02-11 12:30:06,594: transfer qubits - sending qubit ca58bf5a-945b-453f-85ba-429d7dc4b0d6
2020-02-11 12:30:06,657: transfer qubits - received ca58bf5a-945b-453f-85ba-429d7dc4b0d6
2020-02-11 12:30:06,882: Alice received qubit ca58bf5a-945b-453f-85ba-429d7dc4b0d6 from Eve
2020-02-11 12:30:06,898: sending ACK:9 from Alice to Eve
2020-02-11 12:30:07,176: Eve received ACK from Alice with sequence number 8
2020-02-11 12:30:07,223: Eve sends QUBIT to Alice
2020-02-11 12:30:07,224: Eve awaits SEND QUBIT ACK from Alice with sequence 9
2020-02-11 12:30:07,302: sending qubits from Eve to Bob
2020-02-11 12:30:07,303: transfer qubits - sending qubit a9f935b9-831a-4b9f-b872-a87a1087bbca
2020-02-11 12:30:07,372: transfer qubits - received a9f935b9-831a-4b9f-b872-a87a1087bbca
2020-02-11 12:30:07,378: sending qubits from Bob to Alice
2020-02-11 12:30:07,383: transfer qubits - sending qubit a9f935b9-831a-4b9f-b872-a87a1087bbca
2020-02-11 12:30:07,448: transfer qubits - received a9f935b9-831a-4b9f-b872-a87a1087bbca
2020-02-11 12:30:07,649: Alice received qubit a9f935b9-831a-4b9f-b872-a87a1087bbca from Eve
2020-02-11 12:30:07,654: sending ACK:10 from Alice to Eve
2020-02-11 12:30:07,941: Eve received ACK from Alice with sequence number 9
2020-02-11 12:30:07,958: Eve sends QUBIT to Alice
2020-02-11 12:30:07,963: Eve awaits SEND QUBIT ACK from Alice with sequence 10
2020-02-11 12:30:08,119: sending qubits from Eve to Bob
2020-02-11 12:30:08,125: transfer qubits - sending qubit 949aa2e3-a252-4209-8ad2-01445e93205e
2020-02-11 12:30:08,192: transfer qubits - received 949aa2e3-a252-4209-8ad2-01445e93205e
2020-02-11 12:30:08,198: sending qubits from Bob to Alice
2020-02-11 12:30:08,198: transfer qubits - sending qubit 949aa2e3-a252-4209-8ad2-01445e93205e
2020-02-11 12:30:08,261: transfer qubits - received 949aa2e3-a252-4209-8ad2-01445e93205e
2020-02-11 12:30:08,409: Alice received qubit 949aa2e3-a252-4209-8ad2-01445e93205e from Eve
2020-02-11 12:30:08,414: sending ACK:11 from Alice to Eve
2020-02-11 12:30:08,646: Eve received ACK from Alice with sequence number 10
2020-02-11 12:30:08,667: Network stopped
2020-02-11 12:30:08,673: Host Alice stopped
2020-02-11 12:30:10,626: Host Bob stopped
2020-02-11 12:30:10,632: Host Eve stopped
