2020-02-10 17:24:55,951: Host Alice started processing
2020-02-10 17:24:56,032: Host Bob started processing
2020-02-10 17:24:56,041: Host Eve started processing
2020-02-10 17:24:56,134: Alice sends QUBIT to Eve
2020-02-10 17:24:56,140: Alice awaits SEND QUBIT ACK from Eve with sequence 0
2020-02-10 17:24:56,185: sending qubits from Alice to Bob
2020-02-10 17:24:56,191: transfer qubits - sending qubit cb8f76aa-67c7-4d2e-86a8-b4c231a8615a
2020-02-10 17:24:56,222: transfer qubits - received cb8f76aa-67c7-4d2e-86a8-b4c231a8615a
2020-02-10 17:24:56,228: sending qubits from Bob to Eve
2020-02-10 17:24:56,233: transfer qubits - sending qubit cb8f76aa-67c7-4d2e-86a8-b4c231a8615a
2020-02-10 17:24:56,277: transfer qubits - received cb8f76aa-67c7-4d2e-86a8-b4c231a8615a
2020-02-10 17:24:56,485: Eve received qubit cb8f76aa-67c7-4d2e-86a8-b4c231a8615a from Alice
2020-02-10 17:24:56,496: sending ACK:1 from Eve to Alice
2020-02-10 17:24:56,739: Alice received ACK from Eve with sequence number 0
2020-02-10 17:24:56,848: Alice sends QUBIT to Eve
2020-02-10 17:24:56,869: Alice awaits SEND QUBIT ACK from Eve with sequence 1
2020-02-10 17:24:56,975: sending qubits from Alice to Bob
2020-02-10 17:24:56,980: transfer qubits - sending qubit 5fd9e3c6-b381-490a-a6e5-d2a3b54643ed
2020-02-10 17:24:57,052: transfer qubits - received 5fd9e3c6-b381-490a-a6e5-d2a3b54643ed
2020-02-10 17:24:57,058: sending qubits from Bob to Eve
2020-02-10 17:24:57,058: transfer qubits - sending qubit 5fd9e3c6-b381-490a-a6e5-d2a3b54643ed
2020-02-10 17:24:57,125: transfer qubits - received 5fd9e3c6-b381-490a-a6e5-d2a3b54643ed
2020-02-10 17:24:57,413: Eve received qubit 5fd9e3c6-b381-490a-a6e5-d2a3b54643ed from Alice
2020-02-10 17:24:57,418: sending ACK:2 from Eve to Alice
2020-02-10 17:24:57,683: Alice received ACK from Eve with sequence number 1
2020-02-10 17:24:57,802: Alice sends QUBIT to Eve
2020-02-10 17:24:57,813: Alice awaits SEND QUBIT ACK from Eve with sequence 2
2020-02-10 17:24:57,933: sending qubits from Alice to Bob
2020-02-10 17:24:57,939: transfer qubits - sending qubit d37301a8-8cbd-4725-a8ad-38441a68810f
2020-02-10 17:24:58,005: transfer qubits - received d37301a8-8cbd-4725-a8ad-38441a68810f
2020-02-10 17:24:58,015: sending qubits from Bob to Eve
2020-02-10 17:24:58,021: transfer qubits - sending qubit d37301a8-8cbd-4725-a8ad-38441a68810f
2020-02-10 17:24:58,097: transfer qubits - received d37301a8-8cbd-4725-a8ad-38441a68810f
2020-02-10 17:24:58,141: Eve received qubit d37301a8-8cbd-4725-a8ad-38441a68810f from Alice
2020-02-10 17:24:58,152: sending ACK:3 from Eve to Alice
2020-02-10 17:24:58,474: Alice received ACK from Eve with sequence number 2
2020-02-10 17:24:58,543: Alice sends QUBIT to Eve
2020-02-10 17:24:58,559: Alice awaits SEND QUBIT ACK from Eve with sequence 3
2020-02-10 17:24:58,649: sending qubits from Alice to Bob
2020-02-10 17:24:58,654: transfer qubits - sending qubit 71534768-3a49-48aa-98fe-1c2a28cff200
2020-02-10 17:24:58,718: transfer qubits - received 71534768-3a49-48aa-98fe-1c2a28cff200
2020-02-10 17:24:58,718: sending qubits from Bob to Eve
2020-02-10 17:24:58,718: transfer qubits - sending qubit 71534768-3a49-48aa-98fe-1c2a28cff200
2020-02-10 17:24:58,785: transfer qubits - received 71534768-3a49-48aa-98fe-1c2a28cff200
2020-02-10 17:24:58,926: Eve received qubit 71534768-3a49-48aa-98fe-1c2a28cff200 from Alice
2020-02-10 17:24:58,939: sending ACK:4 from Eve to Alice
2020-02-10 17:24:59,269: Alice received ACK from Eve with sequence number 3
2020-02-10 17:24:59,451: Alice sends QUBIT to Eve
2020-02-10 17:24:59,457: Alice awaits SEND QUBIT ACK from Eve with sequence 4
2020-02-10 17:24:59,509: sending qubits from Alice to Bob
2020-02-10 17:24:59,515: transfer qubits - sending qubit 4ec04921-d8a9-4c1b-9d79-03c7c12fd209
2020-02-10 17:24:59,579: transfer qubits - received 4ec04921-d8a9-4c1b-9d79-03c7c12fd209
2020-02-10 17:24:59,585: sending qubits from Bob to Eve
2020-02-10 17:24:59,590: transfer qubits - sending qubit 4ec04921-d8a9-4c1b-9d79-03c7c12fd209
2020-02-10 17:24:59,664: transfer qubits - received 4ec04921-d8a9-4c1b-9d79-03c7c12fd209
2020-02-10 17:24:59,789: Eve received qubit 4ec04921-d8a9-4c1b-9d79-03c7c12fd209 from Alice
2020-02-10 17:24:59,795: sending ACK:5 from Eve to Alice
2020-02-10 17:25:00,052: Alice received ACK from Eve with sequence number 4
2020-02-10 17:25:00,236: Alice sends QUBIT to Eve
2020-02-10 17:25:00,243: Alice awaits SEND QUBIT ACK from Eve with sequence 5
2020-02-10 17:25:00,281: sending qubits from Alice to Bob
2020-02-10 17:25:00,286: transfer qubits - sending qubit 30cf6db8-d5d6-48d5-a96d-7e10608779eb
2020-02-10 17:25:00,357: transfer qubits - received 30cf6db8-d5d6-48d5-a96d-7e10608779eb
2020-02-10 17:25:00,363: sending qubits from Bob to Eve
2020-02-10 17:25:00,368: transfer qubits - sending qubit 30cf6db8-d5d6-48d5-a96d-7e10608779eb
2020-02-10 17:25:00,440: transfer qubits - received 30cf6db8-d5d6-48d5-a96d-7e10608779eb
2020-02-10 17:25:00,639: Eve received qubit 30cf6db8-d5d6-48d5-a96d-7e10608779eb from Alice
2020-02-10 17:25:00,645: sending ACK:6 from Eve to Alice
2020-02-10 17:25:00,990: Alice received ACK from Eve with sequence number 5
2020-02-10 17:25:01,118: Alice sends QUBIT to Eve
2020-02-10 17:25:01,119: Alice awaits SEND QUBIT ACK from Eve with sequence 6
2020-02-10 17:25:01,259: sending qubits from Alice to Bob
2020-02-10 17:25:01,265: transfer qubits - sending qubit 03925f99-04aa-4428-ac73-89eadf9609de
2020-02-10 17:25:01,338: transfer qubits - received 03925f99-04aa-4428-ac73-89eadf9609de
2020-02-10 17:25:01,343: sending qubits from Bob to Eve
2020-02-10 17:25:01,349: transfer qubits - sending qubit 03925f99-04aa-4428-ac73-89eadf9609de
2020-02-10 17:25:01,421: transfer qubits - received 03925f99-04aa-4428-ac73-89eadf9609de
2020-02-10 17:25:01,614: Eve received qubit 03925f99-04aa-4428-ac73-89eadf9609de from Alice
2020-02-10 17:25:01,615: sending ACK:7 from Eve to Alice
2020-02-10 17:25:01,927: Alice received ACK from Eve with sequence number 6
2020-02-10 17:25:02,145: Alice sends QUBIT to Eve
2020-02-10 17:25:02,145: Alice awaits SEND QUBIT ACK from Eve with sequence 7
2020-02-10 17:25:02,170: sending qubits from Alice to Bob
2020-02-10 17:25:02,176: transfer qubits - sending qubit f70f783e-ad75-443d-9312-3f26f37d267a
2020-02-10 17:25:02,242: transfer qubits - received f70f783e-ad75-443d-9312-3f26f37d267a
2020-02-10 17:25:02,242: sending qubits from Bob to Eve
2020-02-10 17:25:02,243: transfer qubits - sending qubit f70f783e-ad75-443d-9312-3f26f37d267a
2020-02-10 17:25:02,312: transfer qubits - received f70f783e-ad75-443d-9312-3f26f37d267a
2020-02-10 17:25:02,451: Eve received qubit f70f783e-ad75-443d-9312-3f26f37d267a from Alice
2020-02-10 17:25:02,467: sending ACK:8 from Eve to Alice
2020-02-10 17:25:02,802: Alice received ACK from Eve with sequence number 7
2020-02-10 17:25:02,953: Alice sends QUBIT to Eve
2020-02-10 17:25:02,954: Alice awaits SEND QUBIT ACK from Eve with sequence 8
2020-02-10 17:25:03,034: sending qubits from Alice to Bob
2020-02-10 17:25:03,034: transfer qubits - sending qubit 1ec66b5c-a44e-4770-82c2-5a9da7f45bd3
2020-02-10 17:25:03,093: transfer qubits - received 1ec66b5c-a44e-4770-82c2-5a9da7f45bd3
2020-02-10 17:25:03,093: sending qubits from Bob to Eve
2020-02-10 17:25:03,093: transfer qubits - sending qubit 1ec66b5c-a44e-4770-82c2-5a9da7f45bd3
2020-02-10 17:25:03,161: transfer qubits - received 1ec66b5c-a44e-4770-82c2-5a9da7f45bd3
2020-02-10 17:25:03,361: Eve received qubit 1ec66b5c-a44e-4770-82c2-5a9da7f45bd3 from Alice
2020-02-10 17:25:03,362: sending ACK:9 from Eve to Alice
2020-02-10 17:25:03,584: Alice received ACK from Eve with sequence number 8
2020-02-10 17:25:03,735: Alice sends QUBIT to Eve
2020-02-10 17:25:03,735: Alice awaits SEND QUBIT ACK from Eve with sequence 9
2020-02-10 17:25:03,863: sending qubits from Alice to Bob
2020-02-10 17:25:03,869: transfer qubits - sending qubit 352ed852-e523-4946-9338-ef1188426830
2020-02-10 17:25:03,941: transfer qubits - received 352ed852-e523-4946-9338-ef1188426830
2020-02-10 17:25:03,946: sending qubits from Bob to Eve
2020-02-10 17:25:03,952: transfer qubits - sending qubit 352ed852-e523-4946-9338-ef1188426830
2020-02-10 17:25:04,033: transfer qubits - received 352ed852-e523-4946-9338-ef1188426830
2020-02-10 17:25:04,152: Eve received qubit 352ed852-e523-4946-9338-ef1188426830 from Alice
2020-02-10 17:25:04,166: sending ACK:10 from Eve to Alice
2020-02-10 17:25:04,543: Alice received ACK from Eve with sequence number 9
2020-02-10 17:25:04,665: Alice sends QUBIT to Eve
2020-02-10 17:25:04,699: Alice awaits SEND QUBIT ACK from Eve with sequence 10
2020-02-10 17:25:04,706: sending qubits from Alice to Bob
2020-02-10 17:25:04,706: transfer qubits - sending qubit 0cbb0264-41d8-4608-90f2-748cee7f39bd
2020-02-10 17:25:04,777: transfer qubits - received 0cbb0264-41d8-4608-90f2-748cee7f39bd
2020-02-10 17:25:04,777: sending qubits from Bob to Eve
2020-02-10 17:25:04,777: transfer qubits - sending qubit 0cbb0264-41d8-4608-90f2-748cee7f39bd
2020-02-10 17:25:04,845: transfer qubits - received 0cbb0264-41d8-4608-90f2-748cee7f39bd
2020-02-10 17:25:05,049: Eve received qubit 0cbb0264-41d8-4608-90f2-748cee7f39bd from Alice
2020-02-10 17:25:05,055: sending ACK:11 from Eve to Alice
2020-02-10 17:25:05,362: Alice received ACK from Eve with sequence number 10
2020-02-10 17:25:05,466: Alice sends QUBIT to Eve
2020-02-10 17:25:05,476: Alice awaits SEND QUBIT ACK from Eve with sequence 11
2020-02-10 17:25:05,603: sending qubits from Alice to Bob
2020-02-10 17:25:05,603: transfer qubits - sending qubit 460817e8-3fab-44d5-b9b6-570979f325dd
2020-02-10 17:25:05,661: transfer qubits - received 460817e8-3fab-44d5-b9b6-570979f325dd
2020-02-10 17:25:05,661: sending qubits from Bob to Eve
2020-02-10 17:25:05,661: transfer qubits - sending qubit 460817e8-3fab-44d5-b9b6-570979f325dd
2020-02-10 17:25:05,720: transfer qubits - received 460817e8-3fab-44d5-b9b6-570979f325dd
2020-02-10 17:25:05,933: Eve received qubit 460817e8-3fab-44d5-b9b6-570979f325dd from Alice
2020-02-10 17:25:05,939: sending ACK:12 from Eve to Alice
2020-02-10 17:25:06,188: Alice received ACK from Eve with sequence number 11
2020-02-10 17:25:06,372: Alice sends QUBIT to Eve
2020-02-10 17:25:06,377: Alice awaits SEND QUBIT ACK from Eve with sequence 12
2020-02-10 17:25:06,445: sending qubits from Alice to Bob
2020-02-10 17:25:06,445: transfer qubits - sending qubit eb1e1674-0bfb-43b6-99fb-2ecc7a7c972e
2020-02-10 17:25:06,513: transfer qubits - received eb1e1674-0bfb-43b6-99fb-2ecc7a7c972e
2020-02-10 17:25:06,518: sending qubits from Bob to Eve
2020-02-10 17:25:06,519: transfer qubits - sending qubit eb1e1674-0bfb-43b6-99fb-2ecc7a7c972e
2020-02-10 17:25:06,589: transfer qubits - received eb1e1674-0bfb-43b6-99fb-2ecc7a7c972e
2020-02-10 17:25:06,720: Eve received qubit eb1e1674-0bfb-43b6-99fb-2ecc7a7c972e from Alice
2020-02-10 17:25:06,726: sending ACK:13 from Eve to Alice
2020-02-10 17:25:07,032: Alice received ACK from Eve with sequence number 12
2020-02-10 17:25:07,180: Alice sends QUBIT to Eve
2020-02-10 17:25:07,185: Alice awaits SEND QUBIT ACK from Eve with sequence 13
2020-02-10 17:25:07,299: sending qubits from Alice to Bob
2020-02-10 17:25:07,318: transfer qubits - sending qubit d49aabf4-8dff-4739-8f6b-5214349fdd8a
2020-02-10 17:25:07,380: transfer qubits - received d49aabf4-8dff-4739-8f6b-5214349fdd8a
2020-02-10 17:25:07,386: sending qubits from Bob to Eve
2020-02-10 17:25:07,391: transfer qubits - sending qubit d49aabf4-8dff-4739-8f6b-5214349fdd8a
2020-02-10 17:25:07,465: transfer qubits - received d49aabf4-8dff-4739-8f6b-5214349fdd8a
2020-02-10 17:25:07,610: Eve received qubit d49aabf4-8dff-4739-8f6b-5214349fdd8a from Alice
2020-02-10 17:25:07,618: sending ACK:14 from Eve to Alice
2020-02-10 17:25:07,973: Alice received ACK from Eve with sequence number 13
2020-02-10 17:25:08,046: Alice sends QUBIT to Eve
2020-02-10 17:25:08,052: Alice awaits SEND QUBIT ACK from Eve with sequence 14
2020-02-10 17:25:08,119: sending qubits from Alice to Bob
2020-02-10 17:25:08,125: transfer qubits - sending qubit 66c07c52-023c-48f1-b84a-0d7d033af5e8
2020-02-10 17:25:08,193: transfer qubits - received 66c07c52-023c-48f1-b84a-0d7d033af5e8
2020-02-10 17:25:08,194: sending qubits from Bob to Eve
2020-02-10 17:25:08,199: transfer qubits - sending qubit 66c07c52-023c-48f1-b84a-0d7d033af5e8
2020-02-10 17:25:08,288: transfer qubits - received 66c07c52-023c-48f1-b84a-0d7d033af5e8
2020-02-10 17:25:08,583: Eve received qubit 66c07c52-023c-48f1-b84a-0d7d033af5e8 from Alice
2020-02-10 17:25:08,584: sending ACK:15 from Eve to Alice
2020-02-10 17:25:08,900: Alice received ACK from Eve with sequence number 14
2020-02-10 17:25:09,079: Alice sends QUBIT to Eve
2020-02-10 17:25:09,080: Alice awaits SEND QUBIT ACK from Eve with sequence 15
2020-02-10 17:25:09,127: sending qubits from Alice to Bob
2020-02-10 17:25:09,138: transfer qubits - sending qubit bae34ca6-fe42-4a18-9930-232e6db4e9fb
2020-02-10 17:25:09,208: transfer qubits - received bae34ca6-fe42-4a18-9930-232e6db4e9fb
2020-02-10 17:25:09,214: sending qubits from Bob to Eve
2020-02-10 17:25:09,219: transfer qubits - sending qubit bae34ca6-fe42-4a18-9930-232e6db4e9fb
2020-02-10 17:25:09,293: transfer qubits - received bae34ca6-fe42-4a18-9930-232e6db4e9fb
2020-02-10 17:25:09,511: Eve received qubit bae34ca6-fe42-4a18-9930-232e6db4e9fb from Alice
2020-02-10 17:25:09,517: sending ACK:16 from Eve to Alice
2020-02-10 17:25:09,886: Alice received ACK from Eve with sequence number 15
2020-02-10 17:25:10,036: Alice sends QUBIT to Eve
2020-02-10 17:25:10,036: Alice awaits SEND QUBIT ACK from Eve with sequence 16
2020-02-10 17:25:10,171: sending qubits from Alice to Bob
2020-02-10 17:25:10,172: transfer qubits - sending qubit 0b92899f-00c7-407a-bfda-93d1c681ac51
2020-02-10 17:25:10,236: transfer qubits - received 0b92899f-00c7-407a-bfda-93d1c681ac51
2020-02-10 17:25:10,242: sending qubits from Bob to Eve
2020-02-10 17:25:10,247: transfer qubits - sending qubit 0b92899f-00c7-407a-bfda-93d1c681ac51
2020-02-10 17:25:10,316: transfer qubits - received 0b92899f-00c7-407a-bfda-93d1c681ac51
2020-02-10 17:25:10,514: Eve received qubit 0b92899f-00c7-407a-bfda-93d1c681ac51 from Alice
2020-02-10 17:25:10,519: sending ACK:17 from Eve to Alice
2020-02-10 17:25:10,828: Alice received ACK from Eve with sequence number 16
2020-02-10 17:25:11,072: Alice sends QUBIT to Eve
2020-02-10 17:25:11,077: Alice awaits SEND QUBIT ACK from Eve with sequence 17
2020-02-10 17:25:11,172: sending qubits from Alice to Bob
2020-02-10 17:25:11,172: transfer qubits - sending qubit 4991b2e0-d3b0-41db-9a21-c0ce95d114db
2020-02-10 17:25:11,240: transfer qubits - received 4991b2e0-d3b0-41db-9a21-c0ce95d114db
2020-02-10 17:25:11,246: sending qubits from Bob to Eve
2020-02-10 17:25:11,251: transfer qubits - sending qubit 4991b2e0-d3b0-41db-9a21-c0ce95d114db
2020-02-10 17:25:11,320: transfer qubits - received 4991b2e0-d3b0-41db-9a21-c0ce95d114db
2020-02-10 17:25:11,505: Eve received qubit 4991b2e0-d3b0-41db-9a21-c0ce95d114db from Alice
2020-02-10 17:25:11,516: sending ACK:18 from Eve to Alice
2020-02-10 17:25:11,813: Alice received ACK from Eve with sequence number 17
2020-02-10 17:25:11,917: Alice sends QUBIT to Eve
2020-02-10 17:25:11,941: Alice awaits SEND QUBIT ACK from Eve with sequence 18
2020-02-10 17:25:12,061: sending qubits from Alice to Bob
2020-02-10 17:25:12,067: transfer qubits - sending qubit e8832b48-094b-4259-b1a5-6996e2bb6451
2020-02-10 17:25:12,137: transfer qubits - received e8832b48-094b-4259-b1a5-6996e2bb6451
2020-02-10 17:25:12,137: sending qubits from Bob to Eve
2020-02-10 17:25:12,137: transfer qubits - sending qubit e8832b48-094b-4259-b1a5-6996e2bb6451
2020-02-10 17:25:12,209: transfer qubits - received e8832b48-094b-4259-b1a5-6996e2bb6451
2020-02-10 17:25:12,396: Eve received qubit e8832b48-094b-4259-b1a5-6996e2bb6451 from Alice
2020-02-10 17:25:12,401: sending ACK:19 from Eve to Alice
2020-02-10 17:25:12,656: Alice received ACK from Eve with sequence number 18
2020-02-10 17:25:12,781: Alice sends QUBIT to Eve
2020-02-10 17:25:12,793: Alice awaits SEND QUBIT ACK from Eve with sequence 19
2020-02-10 17:25:12,912: sending qubits from Alice to Bob
2020-02-10 17:25:12,917: transfer qubits - sending qubit bb654fe5-4d77-4124-97c4-82c7632e300c
2020-02-10 17:25:12,984: transfer qubits - received bb654fe5-4d77-4124-97c4-82c7632e300c
2020-02-10 17:25:12,990: sending qubits from Bob to Eve
2020-02-10 17:25:12,996: transfer qubits - sending qubit bb654fe5-4d77-4124-97c4-82c7632e300c
2020-02-10 17:25:13,068: transfer qubits - received bb654fe5-4d77-4124-97c4-82c7632e300c
2020-02-10 17:25:13,094: Eve sends CLASSICAL to Alice with sequence 0
2020-02-10 17:25:13,094: Eve sends QUBIT to Alice
2020-02-10 17:25:13,094: Eve awaits SEND QUBIT ACK from Alice with sequence 1
2020-02-10 17:25:13,277: sending qubits from Eve to Bob
2020-02-10 17:25:13,277: transfer qubits - sending qubit 0cbb0264-41d8-4608-90f2-748cee7f39bd
2020-02-10 17:25:13,325: Alice received 1 with sequence number 0
2020-02-10 17:25:13,341: transfer qubits - received 0cbb0264-41d8-4608-90f2-748cee7f39bd
2020-02-10 17:25:13,341: sending qubits from Bob to Alice
2020-02-10 17:25:13,341: transfer qubits - sending qubit 0cbb0264-41d8-4608-90f2-748cee7f39bd
2020-02-10 17:25:13,375: Eve received qubit bb654fe5-4d77-4124-97c4-82c7632e300c from Alice
2020-02-10 17:25:13,376: sending ACK:20 from Eve to Alice
2020-02-10 17:25:13,404: transfer qubits - received 0cbb0264-41d8-4608-90f2-748cee7f39bd
2020-02-10 17:25:13,537: Alice received qubit 0cbb0264-41d8-4608-90f2-748cee7f39bd from Eve
2020-02-10 17:25:13,537: sending ACK:2 from Alice to Eve
2020-02-10 17:25:13,754: Alice received ACK from Eve with sequence number 19
2020-02-10 17:25:13,797: Eve received ACK from Alice with sequence number 1
2020-02-10 17:25:13,809: Eve sends QUBIT to Alice
2020-02-10 17:25:13,809: Eve awaits SEND QUBIT ACK from Alice with sequence 2
2020-02-10 17:25:13,948: sending qubits from Eve to Bob
2020-02-10 17:25:13,948: transfer qubits - sending qubit 460817e8-3fab-44d5-b9b6-570979f325dd
2020-02-10 17:25:14,025: transfer qubits - received 460817e8-3fab-44d5-b9b6-570979f325dd
2020-02-10 17:25:14,031: sending qubits from Bob to Alice
2020-02-10 17:25:14,037: transfer qubits - sending qubit 460817e8-3fab-44d5-b9b6-570979f325dd
2020-02-10 17:25:14,101: transfer qubits - received 460817e8-3fab-44d5-b9b6-570979f325dd
2020-02-10 17:25:14,224: Alice received qubit 460817e8-3fab-44d5-b9b6-570979f325dd from Eve
2020-02-10 17:25:14,224: sending ACK:3 from Alice to Eve
2020-02-10 17:25:14,641: Eve received ACK from Alice with sequence number 2
2020-02-10 17:25:14,678: Eve sends QUBIT to Alice
2020-02-10 17:25:14,679: Eve awaits SEND QUBIT ACK from Alice with sequence 3
2020-02-10 17:25:14,800: sending qubits from Eve to Bob
2020-02-10 17:25:14,806: transfer qubits - sending qubit eb1e1674-0bfb-43b6-99fb-2ecc7a7c972e
2020-02-10 17:25:14,880: transfer qubits - received eb1e1674-0bfb-43b6-99fb-2ecc7a7c972e
2020-02-10 17:25:14,886: sending qubits from Bob to Alice
2020-02-10 17:25:14,891: transfer qubits - sending qubit eb1e1674-0bfb-43b6-99fb-2ecc7a7c972e
2020-02-10 17:25:14,965: transfer qubits - received eb1e1674-0bfb-43b6-99fb-2ecc7a7c972e
2020-02-10 17:25:15,066: Alice received qubit eb1e1674-0bfb-43b6-99fb-2ecc7a7c972e from Eve
2020-02-10 17:25:15,076: sending ACK:4 from Alice to Eve
2020-02-10 17:25:15,416: Eve received ACK from Alice with sequence number 3
2020-02-10 17:25:15,432: Eve sends QUBIT to Alice
2020-02-10 17:25:15,443: Eve awaits SEND QUBIT ACK from Alice with sequence 4
2020-02-10 17:25:15,568: sending qubits from Eve to Bob
2020-02-10 17:25:15,574: transfer qubits - sending qubit d49aabf4-8dff-4739-8f6b-5214349fdd8a
2020-02-10 17:25:15,644: transfer qubits - received d49aabf4-8dff-4739-8f6b-5214349fdd8a
2020-02-10 17:25:15,650: sending qubits from Bob to Alice
2020-02-10 17:25:15,655: transfer qubits - sending qubit d49aabf4-8dff-4739-8f6b-5214349fdd8a
2020-02-10 17:25:15,724: transfer qubits - received d49aabf4-8dff-4739-8f6b-5214349fdd8a
2020-02-10 17:25:15,930: Alice received qubit d49aabf4-8dff-4739-8f6b-5214349fdd8a from Eve
2020-02-10 17:25:15,946: sending ACK:5 from Alice to Eve
2020-02-10 17:25:16,333: Eve received ACK from Alice with sequence number 4
2020-02-10 17:25:16,348: Eve sends QUBIT to Alice
2020-02-10 17:25:16,390: Eve awaits SEND QUBIT ACK from Alice with sequence 5
2020-02-10 17:25:16,493: sending qubits from Eve to Bob
2020-02-10 17:25:16,509: transfer qubits - sending qubit 66c07c52-023c-48f1-b84a-0d7d033af5e8
2020-02-10 17:25:16,580: transfer qubits - received 66c07c52-023c-48f1-b84a-0d7d033af5e8
2020-02-10 17:25:16,586: sending qubits from Bob to Alice
2020-02-10 17:25:16,591: transfer qubits - sending qubit 66c07c52-023c-48f1-b84a-0d7d033af5e8
2020-02-10 17:25:16,652: transfer qubits - received 66c07c52-023c-48f1-b84a-0d7d033af5e8
2020-02-10 17:25:16,845: Alice received qubit 66c07c52-023c-48f1-b84a-0d7d033af5e8 from Eve
2020-02-10 17:25:16,851: sending ACK:6 from Alice to Eve
2020-02-10 17:25:17,018: Eve received ACK from Alice with sequence number 5
2020-02-10 17:25:17,039: Eve sends QUBIT to Alice
2020-02-10 17:25:17,050: Eve awaits SEND QUBIT ACK from Alice with sequence 6
2020-02-10 17:25:17,154: sending qubits from Eve to Bob
2020-02-10 17:25:17,159: transfer qubits - sending qubit bae34ca6-fe42-4a18-9930-232e6db4e9fb
2020-02-10 17:25:17,230: transfer qubits - received bae34ca6-fe42-4a18-9930-232e6db4e9fb
2020-02-10 17:25:17,236: sending qubits from Bob to Alice
2020-02-10 17:25:17,241: transfer qubits - sending qubit bae34ca6-fe42-4a18-9930-232e6db4e9fb
2020-02-10 17:25:17,313: transfer qubits - received bae34ca6-fe42-4a18-9930-232e6db4e9fb
2020-02-10 17:25:17,429: Alice received qubit bae34ca6-fe42-4a18-9930-232e6db4e9fb from Eve
2020-02-10 17:25:17,440: sending ACK:7 from Alice to Eve
2020-02-10 17:25:17,813: Eve received ACK from Alice with sequence number 6
2020-02-10 17:25:17,852: Eve sends QUBIT to Alice
2020-02-10 17:25:17,858: Eve awaits SEND QUBIT ACK from Alice with sequence 7
2020-02-10 17:25:17,953: sending qubits from Eve to Bob
2020-02-10 17:25:17,959: transfer qubits - sending qubit 0b92899f-00c7-407a-bfda-93d1c681ac51
2020-02-10 17:25:18,038: transfer qubits - received 0b92899f-00c7-407a-bfda-93d1c681ac51
2020-02-10 17:25:18,039: sending qubits from Bob to Alice
2020-02-10 17:25:18,039: transfer qubits - sending qubit 0b92899f-00c7-407a-bfda-93d1c681ac51
2020-02-10 17:25:18,105: transfer qubits - received 0b92899f-00c7-407a-bfda-93d1c681ac51
2020-02-10 17:25:18,202: Alice received qubit 0b92899f-00c7-407a-bfda-93d1c681ac51 from Eve
2020-02-10 17:25:18,218: sending ACK:8 from Alice to Eve
2020-02-10 17:25:18,529: Eve received ACK from Alice with sequence number 7
2020-02-10 17:25:18,570: Eve sends QUBIT to Alice
2020-02-10 17:25:18,581: Eve awaits SEND QUBIT ACK from Alice with sequence 8
2020-02-10 17:25:18,697: sending qubits from Eve to Bob
2020-02-10 17:25:18,703: transfer qubits - sending qubit 4991b2e0-d3b0-41db-9a21-c0ce95d114db
2020-02-10 17:25:18,769: transfer qubits - received 4991b2e0-d3b0-41db-9a21-c0ce95d114db
2020-02-10 17:25:18,774: sending qubits from Bob to Alice
2020-02-10 17:25:18,780: transfer qubits - sending qubit 4991b2e0-d3b0-41db-9a21-c0ce95d114db
2020-02-10 17:25:18,849: transfer qubits - received 4991b2e0-d3b0-41db-9a21-c0ce95d114db
2020-02-10 17:25:18,983: Alice received qubit 4991b2e0-d3b0-41db-9a21-c0ce95d114db from Eve
2020-02-10 17:25:18,988: sending ACK:9 from Alice to Eve
2020-02-10 17:25:19,238: Eve received ACK from Alice with sequence number 8
2020-02-10 17:25:19,246: Eve sends QUBIT to Alice
2020-02-10 17:25:19,260: Eve awaits SEND QUBIT ACK from Alice with sequence 9
2020-02-10 17:25:19,375: sending qubits from Eve to Bob
2020-02-10 17:25:19,380: transfer qubits - sending qubit e8832b48-094b-4259-b1a5-6996e2bb6451
2020-02-10 17:25:19,448: transfer qubits - received e8832b48-094b-4259-b1a5-6996e2bb6451
2020-02-10 17:25:19,454: sending qubits from Bob to Alice
2020-02-10 17:25:19,459: transfer qubits - sending qubit e8832b48-094b-4259-b1a5-6996e2bb6451
2020-02-10 17:25:19,529: transfer qubits - received e8832b48-094b-4259-b1a5-6996e2bb6451
2020-02-10 17:25:19,766: Alice received qubit e8832b48-094b-4259-b1a5-6996e2bb6451 from Eve
2020-02-10 17:25:19,774: sending ACK:10 from Alice to Eve
2020-02-10 17:25:20,153: Eve received ACK from Alice with sequence number 9
2020-02-10 17:25:20,164: Eve sends QUBIT to Alice
2020-02-10 17:25:20,164: Eve awaits SEND QUBIT ACK from Alice with sequence 10
2020-02-10 17:25:20,275: sending qubits from Eve to Bob
2020-02-10 17:25:20,280: transfer qubits - sending qubit bb654fe5-4d77-4124-97c4-82c7632e300c
2020-02-10 17:25:20,360: transfer qubits - received bb654fe5-4d77-4124-97c4-82c7632e300c
2020-02-10 17:25:20,366: sending qubits from Bob to Alice
2020-02-10 17:25:20,372: transfer qubits - sending qubit bb654fe5-4d77-4124-97c4-82c7632e300c
2020-02-10 17:25:20,444: transfer qubits - received bb654fe5-4d77-4124-97c4-82c7632e300c
2020-02-10 17:25:20,549: Alice received qubit bb654fe5-4d77-4124-97c4-82c7632e300c from Eve
2020-02-10 17:25:20,549: sending ACK:11 from Alice to Eve
2020-02-10 17:25:20,795: Eve received ACK from Alice with sequence number 10
2020-02-10 17:25:20,801: Network stopped
2020-02-10 17:25:20,801: Host Alice stopped
2020-02-10 17:25:22,745: Host Bob stopped
2020-02-10 17:25:22,750: Host Eve stopped
